Drill Listing
=============
Drill: .01181  Tool: 1  Feed: 95  Speed: 300
X 110489  Y 122727
X 116040  Y 122727
X 121592  Y 122727
X 127143  Y 122727
X 132694  Y 122727
X 133248  Y 116960
X 138245  Y 122727
X 138342  Y 119206
X 138403  Y 115995
X 138593  Y 108985
X 143397  Y 106034
X 143426  Y 111047
X 145686  Y 128475
X 147244  Y 118740
X 148875  Y 127609
X 149562  Y 106032
X 149568  Y 110973
X 163245  Y 128790
X 172300  Y 128318
X 176040  Y 128397
X 176299  Y 119803
X 177244  Y 122519
X 200017  Y 124538
X 203503  Y 121732
X 205629  Y 117362
X 212519  Y 110590
X 213818  Y 124803
X 219527  Y 122716
X 222598  Y 110866
X 226788  Y 124026
X 231023  Y 122874
X 232401  Y 110826
X 242165  Y 116181
X 242755  Y 106692
X 255551  Y 104291
X 261828  Y 127176
X 262064  Y 116743
X 279438  Y 123355
X 279515  Y 127261
X 285182  Y 123508
X 285218  Y 127290
X 291781  Y 127346
X 291845  Y 123355
X 288147  Y 135693
X 288147  Y 139145
X 288144  Y 142665
X 288144  Y 145638
X 288144  Y 148770
X 285548  Y 148799
X 285412  Y 132468
X 285390  Y 145637
X 285292  Y 135641
X 285253  Y 142609
X 285189  Y 139102
X 282558  Y 142665
X 282502  Y 132392
X 282458  Y 135601
X 282439  Y 139060
X 281316  Y 148200
X 281277  Y 150562
X 279780  Y 142570
X 279662  Y 135601
X 279647  Y 139144
X 277182  Y 142530
X 275214  Y 136428
X 274702  Y 141271
X 274544  Y 143711
X 261985  Y 132137
X 246299  Y 137086
X 242874  Y 142874
X 242716  Y 145354
X 240511  Y 142874
X 231614  Y 138110
X 226771  Y 130275
X 225962  Y 149460
X 223442  Y 149499
X 223206  Y 129460
X 223166  Y 131940
X 211985  Y 136625
X 210017  Y 140247
X 209859  Y 149971
X 209741  Y 143711
X 209741  Y 147058
X 207615  Y 140208
X 207497  Y 150050
X 207379  Y 147097
X 207379  Y 143711
X 205095  Y 150050
X 205017  Y 140208
X 205017  Y 147058
X 205017  Y 143711
X 202694  Y 150050
X 202655  Y 147058
X 202655  Y 143711
X 202655  Y 140286
X 201670  Y 133042
X 200292  Y 150050
X 200292  Y 147097
X 200292  Y 140208
X 200292  Y 143711
X 192536  Y 153436
X 192103  Y 141704
X 192025  Y 138987
X 190017  Y 151231
X 189741  Y 147688
X 188442  Y 141704
X 177992  Y 137795
X 177891  Y 141467
X 162103  Y 150168
X 150849  Y 144868
X 150795  Y 147755
X 150795  Y 142335
X 148235  Y 147864
X 148234  Y 142456
X 148207  Y 145031
X 145461  Y 147794
X 145375  Y 142553
X 145375  Y 145031
X 144190  Y 131428
X 139190  Y 131664
X 135017  Y 132924
X 134662  Y 136704
X 130804  Y 137845
X 128560  Y 144223
X 125489  Y 137648
X 103875  Y 173908
X 106237  Y 172806
X 108521  Y 173869
X 122124  Y 177522
X 128324  Y 163082
X 138897  Y 158307
X 143993  Y 165916
X 144977  Y 161546
X 147694  Y 170365
X 151237  Y 164026
X 151552  Y 174302
X 155708  Y 162086
X 156788  Y 169538
X 157598  Y 164015
X 160135  Y 156586
X 184544  Y 166192
X 184702  Y 169538
X 198188  Y 175826
X 200121  Y 156112
X 203284  Y 166546
X 204938  Y 158042
X 207182  Y 166743
X 208954  Y 157885
X 210253  Y 167058
X 223521  Y 159263
X 226968  Y 159291
X 229724  Y 159015
X 234505  Y 158987
X 234574  Y 178640
X 234623  Y 176625
X 234625  Y 174557
X 235292  Y 165601
X 235332  Y 163318
X 235332  Y 168436
X 236788  Y 158987
X 236992  Y 176526
X 237013  Y 174453
X 237034  Y 178558
X 240332  Y 165483
X 252168  Y 172450
X 266315  Y 177438
X 271710  Y 175089
X 276735  Y 156776
X 278865  Y 179251
X 280930  Y 179239
X 291513  Y 166979
X 293954  Y 175995
X 292235  Y 180529
X 289183  Y 187753
X 289095  Y 190983
X 289032  Y 196979
X 283025  Y 181349
X 282998  Y 179301
X 280929  Y 181404
X 278791  Y 181349
X 278392  Y 195545
X 276670  Y 197099
X 275512  Y 195351
X 273347  Y 197574
X 273316  Y 195419
X 270870  Y 197453
X 270766  Y 195381
X 266371  Y 179741
X 261597  Y 180080
X 210511  Y 192795
X 210017  Y 197530
X 206456  Y 194291
X 206434  Y 197570
X 195433  Y 180236
X 192129  Y 183159
X 191732  Y 192362
X 184623  Y 180011
X 183718  Y 200641
X 182143  Y 194774
X 179347  Y 201940
X 175095  Y 187648
X 157694  Y 189223
X 157694  Y 192058
X 153993  Y 198751
X 122129  Y 179820
X 120489  Y 190247
X 117340  Y 196664
X 114968  Y 200217
X 114938  Y 196743
X 149820  Y 214420
X 149863  Y 212486
X 151028  Y 223301
X 151119  Y 220719
X 151833  Y 210965
X 153095  Y 223276
X 153206  Y 220798
X 153363  Y 214341
X 154168  Y 210993
X 154938  Y 222058
X 198009  Y 221074
X 198993  Y 214774
X 219560  Y 215466
X 219748  Y 213465
X 221773  Y 213375
X 221782  Y 215448
X 223088  Y 223239
X 223848  Y 213445
X 224332  Y 227100
X 226507  Y 226943
X 226675  Y 224635
X 226703  Y 222442
X 249825  Y 220349
X 249851  Y 218087
X 249925  Y 215653
X 252161  Y 215609
X 252190  Y 220401
X 252293  Y 218036
X 263856  Y 210158
X 263875  Y 207648
X 265894  Y 216213
X 266541  Y 210172
X 266541  Y 207683
X 269176  Y 207646
X 269176  Y 210245
X 281080  Y 218436
X 281080  Y 215680
X 281395  Y 211310
X 281867  Y 222648
X 281946  Y 225129
X 282219  Y 227520
X 283329  Y 209597
X 283481  Y 206467
X 284104  Y 225042
X 286636  Y 228005
X 288164  Y 224763
X 293875  Y 227373
X 294662  Y 214774
X 294032  Y 253948
X 293954  Y 251900
X 291749  Y 254066
X 291710  Y 251940
X 287982  Y 236568
X 287564  Y 253555
X 287528  Y 251393
X 287420  Y 249376
X 287348  Y 247106
X 286636  Y 233875
X 286636  Y 230805
X 285128  Y 236568
X 284970  Y 246998
X 282520  Y 246962
X 282219  Y 236568
X 282219  Y 231990
X 282219  Y 234252
X 282219  Y 229620
X 279602  Y 246890
X 277116  Y 246998
X 275953  Y 240338
X 273854  Y 240413
X 273001  Y 238562
X 271783  Y 240291
X 270980  Y 238464
X 245332  Y 251034
X 243678  Y 238593
X 240804  Y 237491
X 238875  Y 244656
X 237103  Y 237412
X 234466  Y 250877
X 233363  Y 237412
X 228993  Y 237491
X 228127  Y 243397
X 224741  Y 237530
X 222221  Y 250483
X 216749  Y 254066
X 209072  Y 251704
X 206355  Y 242019
X 199780  Y 235956
X 199426  Y 245444
X 185371  Y 253003
X 185292  Y 244460
X 177221  Y 238790
X 176670  Y 244460
X 174780  Y 238830
X 172576  Y 245089
X 168918  Y 254018
X 165410  Y 238830
X 161906  Y 237019
X 116437  Y 246787
X 115320  Y 244807
X 114305  Y 246838
X 113035  Y 244959
X 112071  Y 246787
X 110493  Y 272073
X 110603  Y 275485
X 111434  Y 277767
X 112969  Y 269735
X 113007  Y 274849
X 114544  Y 277727
X 114646  Y 272592
X 115765  Y 275483
X 116906  Y 269066
X 117458  Y 277767
X 117930  Y 274145
X 119780  Y 266861
X 120450  Y 270680
X 121867  Y 268751
X 122615  Y 266192
X 124172  Y 269682
X 124294  Y 262726
X 125286  Y 267746
X 126548  Y 269594
X 137483  Y 272057
X 141985  Y 265050
X 141985  Y 270011
X 141985  Y 267530
X 168914  Y 256586
X 186592  Y 269066
X 189780  Y 275759
X 189820  Y 268751
X 193403  Y 271979
X 196946  Y 277058
X 206985  Y 272530
X 212182  Y 269735
X 218914  Y 269263
X 224032  Y 271979
X 225125  Y 260891
X 228324  Y 258200
X 229977  Y 270483
X 234151  Y 277727
X 234466  Y 271113
X 235095  Y 265562
X 237576  Y 274184
X 238796  Y 259617
X 240174  Y 276900
X 245135  Y 265680
X 249308  Y 275956
X 258978  Y 273273
X 258983  Y 276371
X 261303  Y 273257
X 288264  Y 269245
X 288359  Y 275462
X 289231  Y 303475
X 289030  Y 296651
X 288406  Y 281251
X 259619  Y 298886
X 259583  Y 290040
X 259583  Y 284212
X 259571  Y 302636
X 259537  Y 293344
X 259537  Y 280403
X 256866  Y 302588
X 256865  Y 293407
X 256840  Y 280394
X 256840  Y 284207
X 256818  Y 298838
X 256788  Y 289979
X 246670  Y 289460
X 245765  Y 282452
X 243048  Y 279696
X 240568  Y 288790
X 240489  Y 285523
X 239780  Y 302255
X 238166  Y 281625
X 235883  Y 302255
X 204308  Y 299774
X 203993  Y 295837
X 197536  Y 287058
X 166473  Y 302137
X 139736  Y 302164
X 126906  Y 294814
X 124770  Y 289885
X 124623  Y 302752
X 124623  Y 299517
X 124623  Y 286503
X 124426  Y 294814
X 121985  Y 294814
X 118836  Y 303357
X 118796  Y 300444
X 118757  Y 297530
X 115804  Y 280837
X 115253  Y 303436
X 115214  Y 300089
X 107655  Y 309263
X 108284  Y 306664
X 115214  Y 306507
X 117615  Y 326467
X 118836  Y 306546
X 122536  Y 320050
X 122655  Y 307806
X 126040  Y 307924
X 129151  Y 307845
X 144530  Y 309064
X 146381  Y 325875
X 150396  Y 325875
X 150991  Y 306427
X 152354  Y 310141
X 154333  Y 325757
X 158270  Y 325797
X 160278  Y 319970
X 162168  Y 325836
X 174176  Y 308749
X 179884  Y 309576
X 182562  Y 324419
X 194176  Y 321387
X 196262  Y 306663
X 199609  Y 319694
X 202286  Y 307214
X 204845  Y 307096
X 206799  Y 321023
X 216195  Y 321023
X 229448  Y 304606
X 231924  Y 305409
X 234015  Y 309248
X 234678  Y 318764
X 236317  Y 309248
X 236771  Y 326811
X 240669  Y 326889
X 241259  Y 305551
X 244645  Y 326850
X 248940  Y 304379
X 267261  Y 310483
X 288829  Y 325051
X 289130  Y 318628
X 289130  Y 311202
X 248861  Y 329812
X 244616  Y 330027
X 240743  Y 330027
X 236753  Y 329929
X 232298  Y 330018
X 229796  Y 330042
X 227388  Y 330089
X 224924  Y 330051
X 222750  Y 330049
X 220513  Y 330049
X 162168  Y 329931
X 158231  Y 329931
X 154329  Y 329701
X 150383  Y 329624
X 146399  Y 329701
X 142158  Y 329716
X 139301  Y 329751
X 136548  Y 329647
X 133588  Y 329751
X 129941  Y 329820
X 126981  Y 329854
X 123781  Y 329863
X 120801  Y 329750
X 117638  Y 329760

Drill: .02362  Tool: 2  Feed: 197  Speed: 550
X 112261  Y 139657
X 112261  Y 158869

Drill: .032  Tool: 3  Feed: 197  Speed: 550
X 167720  Y 107031
X 177720  Y 107031
X 187720  Y 107031
X 197720  Y 107031

End of Listing
