Drill Listing
=============
Drill: .01181  Tool: 1  Feed: 0  Speed: 0
X 2913  Y 57929
X -347  Y 64286
X 9984  Y 65000
X 2913  Y 72071
X 3178  Y 81789
X -11228  Y 86214
X 10182  Y 86969
X 9987  Y 89141
X -4014  Y 90986
X -11228  Y 100356
X 2913  Y 100356
X -8734  Y 108662
X 8754  Y 111846
X -11228  Y 114498
X 7669  Y 122590
X -11228  Y 128640
X 7405  Y 131090
X -11228  Y 142782
X 9955  Y 143437
X 9984  Y 149853
X -11228  Y 156924
X 9984  Y 163995
X -13414  Y 172019
X 9830  Y 176278
X 790  Y 177649
X 1417  Y 189527
X -11386  Y 192587
X -6305  Y 192771
X 1377  Y 195748
X 10164  Y 198038
X -8874  Y 206756
X -9786  Y 211102
X 228  Y 212748
X 12767  Y 212902
X 16900  Y 207500
X 11991  Y 204596
X 14907  Y 182226
X 23756  Y 181646
X 15716  Y 175158
X 20718  Y 174879
X 34537  Y 162170
X 14369  Y 157962
X 30877  Y 144717
X 23686  Y 144464
X 17055  Y 142782
X 17107  Y 133538
X 14963  Y 133384
X 16160  Y 131609
X 30192  Y 129061
X 18038  Y 127766
X 26475  Y 127117
X 34212  Y 117377
X 12948  Y 111000
X 34269  Y 107014
X 13119  Y 105800
X 30900  Y 105700
X 19397  Y 101321
X 23883  Y 95737
X 11828  Y 95266
X 30954  Y 88666
X 12381  Y 88344
X 17055  Y 86214
X 24126  Y 79142
X 17343  Y 75830
X 31724  Y 72300
X 26997  Y 71438
X 35040  Y 65573
X 39440  Y 55201
X 50429  Y 59164
X 45146  Y 60011
X 40968  Y 60246
X 42942  Y 61831
X 53506  Y 61934
X 40968  Y 63836
X 44734  Y 64071
X 56008  Y 67923
X 46008  Y 67940
X 61434  Y 79356
X 41752  Y 79841
X 49800  Y 80100
X 52900  Y 80400
X 38235  Y 83260
X 52748  Y 90749
X 60400  Y 94200
X 45731  Y 94704
X 42959  Y 97288
X 50866  Y 100814
X 43448  Y 101586
X 55165  Y 105426
X 37600  Y 105600
X 46552  Y 106615
X 45731  Y 108846
X 41734  Y 116107
X 38268  Y 121569
X 54092  Y 125782
X 41538  Y 127831
X 58116  Y 128622
X 54008  Y 128676
X 38849  Y 137293
X 51958  Y 142160
X 52410  Y 149853
X 37018  Y 156723
X 45339  Y 156924
X 50020  Y 160331
X 43975  Y 178234
X 37368  Y 184224
X 42485  Y 185405
X 39460  Y 188576
X 54357  Y 194725
X 49860  Y 198641
X 55518  Y 204299
X 41447  Y 204589
X 37444  Y 212311
X 44887  Y 212384
X 52464  Y 212384
X 74055  Y 192566
X 69077  Y 183696
X 74751  Y 179874
X 75973  Y 178215
X 80695  Y 178137
X 73825  Y 177883
X 83148  Y 172652
X 61675  Y 164040
X 69075  Y 159477
X 64521  Y 159169
X 63002  Y 153357
X 61621  Y 143234
X 61641  Y 138562
X 85872  Y 137643
X 71391  Y 136250
X 69440  Y 133196
X 74318  Y 131922
X 65061  Y 131007
X 86358  Y 130886
X 68587  Y 129687
X 77353  Y 128722
X 71774  Y 128194
X 80807  Y 124569
X 65175  Y 120754
X 70135  Y 117948
X 68774  Y 114860
X 81637  Y 112022
X 75557  Y 109033
X 64177  Y 108852
X 77757  Y 106303
X 83909  Y 106262
X 68960  Y 102617
X 77541  Y 99929
X 85402  Y 92436
X 73706  Y 90888
X 66498  Y 79389
X 63600  Y 78900
X 79266  Y 75783
X 82236  Y 75158
X 83132  Y 68857
X 79960  Y 68475
X 72500  Y 67100
X 77309  Y 64113
X 65503  Y 60206
X 62404  Y 59672
X 69087  Y 59313
X 74407  Y 55076
X 77893  Y 53472
X 101532  Y 6915
X 108736  Y 10884
X 105915  Y 14155
X 105297  Y 21032
X 108962  Y 30831
X 99190  Y 53375
X 89805  Y 60117
X 91556  Y 63345
X 111314  Y 71702
X 109654  Y 76518
X 110775  Y 78469
X 107972  Y 78677
X 109656  Y 83214
X 106315  Y 86087
X 109882  Y 90144
X 109139  Y 93884
X 106005  Y 94140
X 95578  Y 94267
X 93489  Y 104346
X 104802  Y 105090
X 104866  Y 116055
X 96813  Y 116101
X 87402  Y 117594
X 86839  Y 123122
X 89029  Y 137372
X 97908  Y 138897
X 111063  Y 139636
X 86955  Y 141529
X 88181  Y 148374
X 108979  Y 149853
X 98910  Y 151961
X 101908  Y 156924
X 93388  Y 158710
X 107599  Y 158841
X 89271  Y 161201
X 87766  Y 171066
X 109456  Y 171863
X 99501  Y 172112
X 87596  Y 177560
X 90714  Y 184283
X 108833  Y 184786
X 136068  Y 189027
X 118786  Y 186615
X 130192  Y 185208
X 116050  Y 171066
X 130192  Y 171066
X 123121  Y 163995
X 131368  Y 163735
X 134714  Y 157415
X 112183  Y 154286
X 116891  Y 139636
X 122878  Y 138163
X 119600  Y 135107
X 136496  Y 131046
X 119600  Y 130659
X 119293  Y 122223
X 119447  Y 117622
X 127798  Y 99410
X 124560  Y 99149
X 131165  Y 97312
X 119763  Y 95817
X 129780  Y 95686
X 132170  Y 95423
X 126925  Y 93924
X 121938  Y 93485
X 112533  Y 90077
X 113300  Y 83430
X 127811  Y 73969
X 130355  Y 73337
X 124400  Y 72400
X 135422  Y 72043
X 126716  Y 67458
X 125810  Y 65220
X 126304  Y 54843
X 126578  Y 49243
X 126702  Y 44265
X 125585  Y 38802
X 125440  Y 33556
X 130594  Y 28776
X 123412  Y 28776
X 113014  Y 24087
X 125365  Y 23727
X 121702  Y 19290
X 125349  Y 18463
X 136052  Y 18123
X 125429  Y 13985
X 137600  Y 10100
X 137707  Y 46789
X 137841  Y 51709
X 137609  Y 56558
X 138625  Y 58994
X 136908  Y 70734
X 136788  Y 73489
X 137263  Y 121569
X 137263  Y 135711
X 137020  Y 152305
X 137263  Y 163995
X 137263  Y 178137

Drill: .02362  Tool: 2  Feed: 0  Speed: 0
X 87786  Y 78956
X 58135  Y 169123

Drill: .02559  Tool: 3  Feed: 0  Speed: 0
X 50523  Y 208320
X 45523  Y 208320
X 40523  Y 208320

Drill: .035  Tool: 4  Feed: 0  Speed: 0
X -4133  Y 32807
X 11866  Y 32807
X -4133  Y 46807
X 11466  Y 46807

Drill: .04724  Tool: 5  Feed: 0  Speed: 0
X 66841  Y 207874
X 135841  Y 207874

End of Listing
