C51 COMPILER V9.00   1602                                                                  05/17/2014 01:48:23 PAGE 1   


C51 COMPILER V9.00, COMPILATION OF MODULE 1602
OBJECT MODULE PLACED IN 1602.OBJ
COMPILER INVOKED BY: D:\KEIL 4\C51\BIN\C51.EXE 1602.c BROWSE DEBUG OBJECTEXTEND

line level    source

   1          /*********************************************
   2          文件名称：1602.c
   3          文件功能：1602液晶驱动
   4          **********************************************/
   5          #include"1602.h"
   6          #include<reg52.h>
   7          #include"delay.h"
   8          
   9          sbit lcden=P2^7;
  10          sbit rs=P2^5;
  11          sbit rw=P2^6;
  12          
  13          /*******************************************
  14          函数名称：write_com
  15          函数功能：1602液晶写指令
  16          入口参数：c:1602液晶指令
  17          出口参数：无
  18          ********************************************/
  19          void write_com(uchar com)
  20          {
  21   1              rs=0;
  22   1              delay(5);
  23   1              P0=com;
  24   1              lcden=1;
  25   1              delay(5);
  26   1              lcden=0;        
  27   1      }
  28          /*****************************************
  29          函数名称：write―date
  30          函数功能：1602液晶写数据
  31          入口参数：c:1602液晶数据
  32          出口参数：无
  33          *****************************************/
  34          void write_data(uchar date)//数据写入
  35          {
  36   1              rs=1;
  37   1              delay(5);
  38   1              P0=date;
  39   1              lcden=1;
  40   1              delay(5);
  41   1              lcden=0;        
  42   1      }
  43          /*******************************************
  44          函数名称：init
  45          函数功能：1602液晶初始化
  46          人口参数：无
  47          出口参数：无
  48          *******************************************/
  49          void init()//液晶初始化
  50          {
  51   1      
  52   1              rw=0;
  53   1              write_com(0x38); //显示模式(初始化液晶)设置
  54   1              write_com(0x0c);  //光标不闪
  55   1              write_com(0x06); //显示开关及光标
C51 COMPILER V9.00   1602                                                                  05/17/2014 01:48:23 PAGE 2   

  56   1              write_com(0x01);//数据指针设置(设置数据地址指针)清屏指令，每次显示下一次内容时，必需清屏
  57   1              write_com(0x80);        
  58   1      }


MODULE INFORMATION:   STATIC OVERLAYABLE
   CODE SIZE        =     79    ----
   CONSTANT SIZE    =   ----    ----
   XDATA SIZE       =   ----    ----
   PDATA SIZE       =   ----    ----
   DATA SIZE        =   ----       2
   IDATA SIZE       =   ----    ----
   BIT SIZE         =   ----    ----
END OF MODULE INFORMATION.


C51 COMPILATION COMPLETE.  0 WARNING(S),  0 ERROR(S)
