C51 COMPILER V9.00   KEY                                                                   05/17/2014 01:48:24 PAGE 1   


C51 COMPILER V9.00, COMPILATION OF MODULE KEY
OBJECT MODULE PLACED IN key.OBJ
COMPILER INVOKED BY: D:\KEIL 4\C51\BIN\C51.EXE key.c BROWSE DEBUG OBJECTEXTEND

line level    source

   1          #include"reg52.h"
   2          #include"key.h"
   3          #include"delay.h"
   4          #include"1602.h"
   5          
   6          uchar code tab_1[]={"zhuang yuan is a"};//≥ı ºªØƒÍ‘¬»’
   7          uchar code tab_2[]={"good student "};//≥ı ºªØ ±∑÷√
   8          uchar code tab_3[]={"bad student"};
   9          
  10          sbit key0=P1^0;
  11          sbit key1=P1^1;
  12          
  13          void key()
  14          {
  15   1              uint i;
  16   1              if(key1==0)
  17   1                      {
  18   2                              delay(5);          //÷ª”–—” ±5√Î ±“∫æß∆¡≤≈”–œ‘ æ
  19   2                              if(key1==0)
  20   2                              {                               
  21   3                                       write_com(0x01);
  22   3                                       write_com(0x81);
  23   3                                       for(i=0;i<12;i++)
  24   3                                              {
  25   4                                                      write_data(tab_2[i]);
  26   4                                                      delay(200);
  27   4                                              }
  28   3                                                      while(!key0);
  29   3                                                              {
  30   4                                                                      void main();
  31   4                                                              }
  32   3                              }
  33   2                      } 
  34   1                      if(key0==0)
  35   1                      {
  36   2                              delay(5);//»Áπ˚∏ƒ≥… Æ√Î£¨‘Ú1602≤ªœ‘ æ
  37   2                              if(key0==0)
  38   2                              {                               
  39   3                                       write_com(0x01);
  40   3                                       write_com(0x81);
  41   3                                               for(i=0;i<11;i++)
  42   3                                                      {
  43   4                                                              write_data(tab_3[i]);
  44   4                                                              delay(200);
  45   4                                                      }
  46   3                              }
  47   2                      }  
  48   1      }                          
  49          


MODULE INFORMATION:   STATIC OVERLAYABLE
   CODE SIZE        =    128    ----
   CONSTANT SIZE    =     43    ----
   XDATA SIZE       =   ----    ----
C51 COMPILER V9.00   KEY                                                                   05/17/2014 01:48:24 PAGE 2   

   PDATA SIZE       =   ----    ----
   DATA SIZE        =   ----       2
   IDATA SIZE       =   ----    ----
   BIT SIZE         =   ----    ----
END OF MODULE INFORMATION.


C51 COMPILATION COMPLETE.  0 WARNING(S),  0 ERROR(S)
